生成启动时间为 2024/8/28 6:50:35。
     1>项目“D:\woowoowoo\JOB_HUNTING\1.code\windows\LISTBOX2\LISTBOX2.vcxproj”在节点 2 上(Build 个目标)。
     1>ClCompile:
         C:\Program Files (x86)\Microsoft Visual Studio 14.0\VC\bin\CL.exe /c /ZI /nologo /W3 /WX- /Od /Oy- /D WIN32 /D _DEBUG /D _WINDOWS /D _UNICODE /D UNICODE /Gm /EHsc /RTC1 /MDd /GS /fp:precise /Zc:wchar_t /Zc:forScope /Zc:inline /Yu"stdafx.h" /Fp"Debug\LISTBOX2.pch" /Fo"Debug\\" /Fd"Debug\vc140.pdb" /Gd /TP /analyze- /errorReport:prompt LISTBOX2.cpp
         LISTBOX2.cpp
     1>d:\woowoowoo\job_hunting\1.code\windows\listbox2\listbox2.cpp(21): warning C4996: '_swprintf': This function or variable may be unsafe. Consider using _swprintf_s instead. To disable deprecation, use _CRT_SECURE_NO_WARNINGS. See online help for details.
         c:\program files (x86)\windows kits\10\include\10.0.10150.0\ucrt\corecrt_wstdio.h(1444): note: 参见“_swprintf”的声明
     1>d:\woowoowoo\job_hunting\1.code\windows\listbox2\listbox2.cpp(30): warning C4996: '_swprintf': This function or variable may be unsafe. Consider using _swprintf_s instead. To disable deprecation, use _CRT_SECURE_NO_WARNINGS. See online help for details.
         c:\program files (x86)\windows kits\10\include\10.0.10150.0\ucrt\corecrt_wstdio.h(1444): note: 参见“_swprintf”的声明
     1>d:\woowoowoo\job_hunting\1.code\windows\listbox2\listbox2.cpp(40): warning C4996: '_swprintf': This function or variable may be unsafe. Consider using _swprintf_s instead. To disable deprecation, use _CRT_SECURE_NO_WARNINGS. See online help for details.
         c:\program files (x86)\windows kits\10\include\10.0.10150.0\ucrt\corecrt_wstdio.h(1444): note: 参见“_swprintf”的声明
     1>d:\woowoowoo\job_hunting\1.code\windows\listbox2\listbox2.cpp(49): warning C4996: '_swprintf': This function or variable may be unsafe. Consider using _swprintf_s instead. To disable deprecation, use _CRT_SECURE_NO_WARNINGS. See online help for details.
         c:\program files (x86)\windows kits\10\include\10.0.10150.0\ucrt\corecrt_wstdio.h(1444): note: 参见“_swprintf”的声明
       Link:
         C:\Program Files (x86)\Microsoft Visual Studio 14.0\VC\bin\link.exe /ERRORREPORT:PROMPT /OUT:"D:\woowoowoo\JOB_HUNTING\1.code\windows\LISTBOX2\Debug\LISTBOX2.exe" /INCREMENTAL /NOLOGO kernel32.lib user32.lib gdi32.lib winspool.lib comdlg32.lib advapi32.lib shell32.lib ole32.lib oleaut32.lib uuid.lib odbc32.lib odbccp32.lib /MANIFEST /MANIFESTUAC:"level='asInvoker' uiAccess='false'" /manifest:embed /Debug /PDB:"D:\woowoowoo\JOB_HUNTING\1.code\windows\LISTBOX2\Debug\LISTBOX2.pdb" /SUBSYSTEM:WINDOWS /TLBID:1 /DYNAMICBASE /NXCOMPAT /IMPLIB:"D:\woowoowoo\JOB_HUNTING\1.code\windows\LISTBOX2\Debug\LISTBOX2.lib" /MACHINE:X86 Debug\LISTBOX2.res
         Debug\LISTBOX2.obj
         Debug\stdafx.obj
         LISTBOX2.vcxproj -> D:\woowoowoo\JOB_HUNTING\1.code\windows\LISTBOX2\Debug\LISTBOX2.exe
     1>已完成生成项目“D:\woowoowoo\JOB_HUNTING\1.code\windows\LISTBOX2\LISTBOX2.vcxproj”(Build 个目标)的操作。

已成功生成。

已用时间 00:00:00.58
