#
# There is insufficient memory for the Java Runtime Environment to continue.
# Native memory allocation (malloc) failed to allocate 2190688 bytes. Error detail: Chunk::new
# Possible reasons:
#   The system is out of physical RAM or swap space
#   This process is running with CompressedOops enabled, and the Java Heap may be blocking the growth of the native heap
# Possible solutions:
#   Reduce memory load on the system
#   Increase physical memory or swap space
#   Check if swap backing store is full
#   Decrease Java heap size (-Xmx/-Xms)
#   Decrease number of Java threads
#   Decrease Java thread stack sizes (-Xss)
#   Set larger code cache with -XX:ReservedCodeCacheSize=
#   JVM is running with Unscaled Compressed Oops mode in which the Java heap is
#     placed in the first 4GB address space. The Java Heap base address is the
#     maximum limit for the native heap growth. Please use -XX:HeapBaseMinAddress
#     to set the Java Heap base and to place the Java Heap above 4GB virtual address.
# This output file may be truncated or incomplete.
#
#  Out of Memory Error (arena.cpp:191), pid=132540, tid=114212
#
# JRE version: OpenJDK Runtime Environment (17.0.11) (build 17.0.11+0--11852314)
# Java VM: OpenJDK 64-Bit Server VM (17.0.11+0--11852314, mixed mode, tiered, compressed oops, compressed class ptrs, g1 gc, windows-amd64)
# No core dump will be written. Minidumps are not enabled by default on client versions of Windows
#

---------------  S U M M A R Y ------------

Command Line: --add-opens=java.base/java.util=ALL-UNNAMED --add-opens=java.base/java.lang=ALL-UNNAMED --add-opens=java.base/java.lang.invoke=ALL-UNNAMED --add-opens=java.prefs/java.util.prefs=ALL-UNNAMED --add-opens=java.base/java.nio.charset=ALL-UNNAMED --add-opens=java.base/java.net=ALL-UNNAMED --add-opens=java.base/java.util.concurrent.atomic=ALL-UNNAMED -Xmx2048m -Dfile.encoding=UTF-8 -Duser.country=CN -Duser.language=zh -Duser.variant -javaagent:C:\Users\Administrator\.gradle\wrapper\dists\gradle-8.2-bin\bbg7u40eoinfdyxsxr3z4i7ta\gradle-8.2\lib\agents\gradle-instrumentation-agent-8.2.jar org.gradle.launcher.daemon.bootstrap.GradleDaemon 8.2

Host: Intel(R) Core(TM) i5-8250U CPU @ 1.60GHz, 8 cores, 7G,  Windows 10 , 64 bit Build 19041 (10.0.19041.5198)
Time: Sat Feb  8 11:03:40 2025  Windows 10 , 64 bit Build 19041 (10.0.19041.5198) elapsed time: 50.730620 seconds (0d 0h 0m 50s)

---------------  T H R E A D  ---------------

Current thread (0x0000020de406e460):  JavaThread "C2 CompilerThread0" daemon [_thread_in_native, id=114212, stack(0x0000001ea7200000,0x0000001ea7300000)]


Current CompileTask:
C2:  50730 4586       4       java.lang.invoke.MethodType::makeImpl (109 bytes)

Stack: [0x0000001ea7200000,0x0000001ea7300000]
Native frames: (J=compiled Java code, j=interpreted, Vv=VM code, C=native code)
V  [jvm.dll+0x687bb9]
V  [jvm.dll+0x84142a]
V  [jvm.dll+0x8430ae]
V  [jvm.dll+0x843713]
V  [jvm.dll+0x24a35f]
V  [jvm.dll+0xac544]
V  [jvm.dll+0xacb8c]
V  [jvm.dll+0x369c37]
V  [jvm.dll+0x33416a]
V  [jvm.dll+0x33360a]
V  [jvm.dll+0x21bed1]
V  [jvm.dll+0x21b311]
V  [jvm.dll+0x1a63ed]
V  [jvm.dll+0x22b1ee]
V  [jvm.dll+0x229375]
V  [jvm.dll+0x7f5647]
V  [jvm.dll+0x7efa4a]
V  [jvm.dll+0x686a35]
C  [ucrtbase.dll+0x21bb2]
C  [KERNEL32.DLL+0x17374]
C  [ntdll.dll+0x4cc91]


---------------  P R O C E S S  ---------------

Threads class SMR info:
_java_thread_list=0x0000020de5e17a10, length=41, elements={
0x0000020dc5dfe600, 0x0000020ddfc85f20, 0x0000020ddfc57880, 0x0000020de404c110,
0x0000020de40213c0, 0x0000020de404cae0, 0x0000020de404d760, 0x0000020de406e460,
0x0000020de4072a50, 0x0000020de4073710, 0x0000020de4146eb0, 0x0000020de432f860,
0x0000020de5b6afd0, 0x0000020de591d970, 0x0000020de637d6c0, 0x0000020de69b46c0,
0x0000020de556e440, 0x0000020de67b5060, 0x0000020de67b5540, 0x0000020de540c8c0,
0x0000020de540b480, 0x0000020de540a040, 0x0000020de540bea0, 0x0000020de540c3b0,
0x0000020de5409110, 0x0000020de5409b30, 0x0000020de5409620, 0x0000020de540a550,
0x0000020de540aa60, 0x0000020de540af70, 0x0000020de69130f0, 0x0000020de690dff0,
0x0000020de690f940, 0x0000020de6910360, 0x0000020de690e500, 0x0000020de69121c0,
0x0000020de69126d0, 0x0000020de690f430, 0x0000020de690dae0, 0x0000020de6912be0,
0x0000020de690ea10
}

Java Threads: ( => current thread )
  0x0000020dc5dfe600 JavaThread "main" [_thread_blocked, id=132236, stack(0x0000001ea6500000,0x0000001ea6600000)]
  0x0000020ddfc85f20 JavaThread "Reference Handler" daemon [_thread_blocked, id=123552, stack(0x0000001ea6c00000,0x0000001ea6d00000)]
  0x0000020ddfc57880 JavaThread "Finalizer" daemon [_thread_blocked, id=67508, stack(0x0000001ea6d00000,0x0000001ea6e00000)]
  0x0000020de404c110 JavaThread "Signal Dispatcher" daemon [_thread_blocked, id=92264, stack(0x0000001ea6e00000,0x0000001ea6f00000)]
  0x0000020de40213c0 JavaThread "Attach Listener" daemon [_thread_blocked, id=131764, stack(0x0000001ea6f00000,0x0000001ea7000000)]
  0x0000020de404cae0 JavaThread "Service Thread" daemon [_thread_blocked, id=53908, stack(0x0000001ea7000000,0x0000001ea7100000)]
  0x0000020de404d760 JavaThread "Monitor Deflation Thread" daemon [_thread_blocked, id=130892, stack(0x0000001ea7100000,0x0000001ea7200000)]
=>0x0000020de406e460 JavaThread "C2 CompilerThread0" daemon [_thread_in_native, id=114212, stack(0x0000001ea7200000,0x0000001ea7300000)]
  0x0000020de4072a50 JavaThread "C1 CompilerThread0" daemon [_thread_blocked, id=87688, stack(0x0000001ea7300000,0x0000001ea7400000)]
  0x0000020de4073710 JavaThread "Sweeper thread" daemon [_thread_blocked, id=140624, stack(0x0000001ea7400000,0x0000001ea7500000)]
  0x0000020de4146eb0 JavaThread "Common-Cleaner" daemon [_thread_blocked, id=125068, stack(0x0000001ea7500000,0x0000001ea7600000)]
  0x0000020de432f860 JavaThread "Notification Thread" daemon [_thread_blocked, id=156444, stack(0x0000001ea7600000,0x0000001ea7700000)]
  0x0000020de5b6afd0 JavaThread "Daemon health stats" [_thread_blocked, id=72464, stack(0x0000001ea7e00000,0x0000001ea7f00000)]
  0x0000020de591d970 JavaThread "Incoming local TCP Connector on port 5514" [_thread_in_native, id=68552, stack(0x0000001ea7f00000,0x0000001ea8000000)]
  0x0000020de637d6c0 JavaThread "Daemon periodic checks" [_thread_blocked, id=11756, stack(0x0000001ea8000000,0x0000001ea8100000)]
  0x0000020de69b46c0 JavaThread "Daemon" [_thread_blocked, id=123584, stack(0x0000001ea8100000,0x0000001ea8200000)]
  0x0000020de556e440 JavaThread "Handler for socket connection from /127.0.0.1:5514 to /127.0.0.1:5515" [_thread_in_native, id=124564, stack(0x0000001ea8200000,0x0000001ea8300000)]
  0x0000020de67b5060 JavaThread "Cancel handler" [_thread_blocked, id=119508, stack(0x0000001ea8300000,0x0000001ea8400000)]
  0x0000020de67b5540 JavaThread "Daemon worker" [_thread_in_native, id=70612, stack(0x0000001ea8400000,0x0000001ea8500000)]
  0x0000020de540c8c0 JavaThread "Asynchronous log dispatcher for DefaultDaemonConnection: socket connection from /127.0.0.1:5514 to /127.0.0.1:5515" [_thread_blocked, id=11728, stack(0x0000001ea8500000,0x0000001ea8600000)]
  0x0000020de540b480 JavaThread "Stdin handler" [_thread_blocked, id=104172, stack(0x0000001ea8600000,0x0000001ea8700000)]
  0x0000020de540a040 JavaThread "Daemon client event forwarder" [_thread_blocked, id=135788, stack(0x0000001ea8700000,0x0000001ea8800000)]
  0x0000020de540bea0 JavaThread "Cache worker for journal cache (C:\Users\Administrator\.gradle\caches\journal-1)" [_thread_blocked, id=70036, stack(0x0000001ea7c00000,0x0000001ea7d00000)]
  0x0000020de540c3b0 JavaThread "File lock request listener" [_thread_in_native, id=61680, stack(0x0000001ea7d00000,0x0000001ea7e00000)]
  0x0000020de5409110 JavaThread "Cache worker for file hash cache (C:\Users\Administrator\.gradle\caches\8.2\fileHashes)" [_thread_blocked, id=73316, stack(0x0000001ea8c00000,0x0000001ea8d00000)]
  0x0000020de5409b30 JavaThread "File watcher server" daemon [_thread_in_native, id=77008, stack(0x0000001ea8f00000,0x0000001ea9000000)]
  0x0000020de5409620 JavaThread "File watcher consumer" daemon [_thread_blocked, id=104696, stack(0x0000001ea9000000,0x0000001ea9100000)]
  0x0000020de540a550 JavaThread "jar transforms" [_thread_blocked, id=78416, stack(0x0000001ea9100000,0x0000001ea9200000)]
  0x0000020de540aa60 JavaThread "jar transforms Thread 2" [_thread_blocked, id=47788, stack(0x0000001ea9200000,0x0000001ea9300000)]
  0x0000020de540af70 JavaThread "jar transforms Thread 3" [_thread_blocked, id=124344, stack(0x0000001ea9300000,0x0000001ea9400000)]
  0x0000020de69130f0 JavaThread "jar transforms Thread 4" [_thread_blocked, id=127680, stack(0x0000001ea9400000,0x0000001ea9500000)]
  0x0000020de690dff0 JavaThread "jar transforms Thread 5" [_thread_blocked, id=130228, stack(0x0000001ea9500000,0x0000001ea9600000)]
  0x0000020de690f940 JavaThread "jar transforms Thread 6" [_thread_blocked, id=138228, stack(0x0000001ea9600000,0x0000001ea9700000)]
  0x0000020de6910360 JavaThread "jar transforms Thread 7" [_thread_blocked, id=121500, stack(0x0000001ea9700000,0x0000001ea9800000)]
  0x0000020de690e500 JavaThread "jar transforms Thread 8" [_thread_blocked, id=127808, stack(0x0000001ea9800000,0x0000001ea9900000)]
  0x0000020de69121c0 JavaThread "Cache worker for checksums cache (D:\JOB_HUNTING\1.code\android_learning\RecyclerView\.gradle\8.2\checksums)" [_thread_blocked, id=132468, stack(0x0000001ea9900000,0x0000001ea9a00000)]
  0x0000020de69126d0 JavaThread "Cache worker for cache directory md-rule (C:\Users\Administrator\.gradle\caches\8.2\md-rule)" [_thread_blocked, id=129576, stack(0x0000001ea9a00000,0x0000001ea9b00000)]
  0x0000020de690f430 JavaThread "Cache worker for file content cache (C:\Users\Administrator\.gradle\caches\8.2\fileContent)" [_thread_blocked, id=118672, stack(0x0000001ea9b00000,0x0000001ea9c00000)]
  0x0000020de690dae0 JavaThread "Cache worker for file hash cache (D:\JOB_HUNTING\1.code\android_learning\RecyclerView\.gradle\8.2\fileHashes)" [_thread_blocked, id=93684, stack(0x0000001ea9c00000,0x0000001ea9d00000)]
  0x0000020de6912be0 JavaThread "Cache worker for cache directory md-supplier (C:\Users\Administrator\.gradle\caches\8.2\md-supplier)" [_thread_blocked, id=125188, stack(0x0000001ea9d00000,0x0000001ea9e00000)]
  0x0000020de690ea10 JavaThread "Cache worker for execution history cache (C:\Users\Administrator\.gradle\caches\8.2\executionHistory)" [_thread_blocked, id=111844, stack(0x0000001ea9e00000,0x0000001ea9f00000)]

Other Threads:
  0x0000020ddfc80280 VMThread "VM Thread" [stack: 0x0000001ea6b00000,0x0000001ea6c00000] [id=131540]
  0x0000020dc5dff4d0 WatcherThread [stack: 0x0000001ea7700000,0x0000001ea7800000] [id=115856]
  0x0000020dc5e5c730 GCTaskThread "GC Thread#0" [stack: 0x0000001ea6600000,0x0000001ea6700000] [id=122756]
  0x0000020de401c960 GCTaskThread "GC Thread#1" [stack: 0x0000001ea7800000,0x0000001ea7900000] [id=97028]
  0x0000020de401c3e0 GCTaskThread "GC Thread#2" [stack: 0x0000001ea7900000,0x0000001ea7a00000] [id=76424]
  0x0000020de401d460 GCTaskThread "GC Thread#3" [stack: 0x0000001ea7a00000,0x0000001ea7b00000] [id=119064]
  0x0000020de401d720 GCTaskThread "GC Thread#4" [stack: 0x0000001ea7b00000,0x0000001ea7c00000] [id=122376]
  0x0000020de401cee0 GCTaskThread "GC Thread#5" [stack: 0x0000001ea8800000,0x0000001ea8900000] [id=102812]
  0x0000020de401d9e0 GCTaskThread "GC Thread#6" [stack: 0x0000001ea8900000,0x0000001ea8a00000] [id=129184]
  0x0000020de401df60 GCTaskThread "GC Thread#7" [stack: 0x0000001ea8a00000,0x0000001ea8b00000] [id=122988]
  0x0000020dc5e6d590 ConcurrentGCThread "G1 Main Marker" [stack: 0x0000001ea6700000,0x0000001ea6800000] [id=70280]
  0x0000020dc5e6e660 ConcurrentGCThread "G1 Conc#0" [stack: 0x0000001ea6800000,0x0000001ea6900000] [id=71420]
  0x0000020de401c6a0 ConcurrentGCThread "G1 Conc#1" [stack: 0x0000001ea8b00000,0x0000001ea8c00000] [id=103592]
  0x0000020dc5ebe010 ConcurrentGCThread "G1 Refine#0" [stack: 0x0000001ea6900000,0x0000001ea6a00000] [id=208952]
  0x0000020dc5ebe950 ConcurrentGCThread "G1 Service" [stack: 0x0000001ea6a00000,0x0000001ea6b00000] [id=115496]

Threads with active compile tasks:
C2 CompilerThread0    50775 4586       4       java.lang.invoke.MethodType::makeImpl (109 bytes)

VM state: not at safepoint (normal execution)

VM Mutex/Monitor currently owned by a thread: None

Heap address: 0x0000000080000000, size: 2048 MB, Compressed Oops mode: 32-bit

CDS archive(s) not mapped
Compressed class space mapped at: 0x0000000100000000-0x0000000140000000, reserved size: 1073741824
Narrow klass base: 0x0000000000000000, Narrow klass shift: 3, Narrow klass range: 0x140000000

GC Precious Log:
 CPUs: 8 total, 8 available
 Memory: 7915M
 Large Page Support: Disabled
 NUMA Support: Disabled
 Compressed Oops: Enabled (32-bit)
 Heap Region Size: 1M
 Heap Min Capacity: 8M
 Heap Initial Capacity: 124M
 Heap Max Capacity: 2G
 Pre-touch: Disabled
 Parallel Workers: 8
 Concurrent Workers: 2
 Concurrent Refinement Workers: 8
 Periodic GC: Disabled

Heap:
 garbage-first heap   total 98304K, used 70940K [0x0000000080000000, 0x0000000100000000)
  region size 1024K, 19 young (19456K), 2 survivors (2048K)
 Metaspace       used 50665K, committed 51072K, reserved 1114112K
  class space    used 6723K, committed 6912K, reserved 1048576K

Heap Regions: E=young(eden), S=young(survivor), O=old, HS=humongous(starts), HC=humongous(continues), CS=collection set, F=free, OA=open archive, CA=closed archive, TAMS=top-at-mark-start (previous, next)
|   0|0x0000000080000000, 0x0000000080100000, 0x0000000080100000|100%|HS|  |TAMS 0x0000000080100000, 0x0000000080000000| Complete 
|   1|0x0000000080100000, 0x0000000080200000, 0x0000000080200000|100%|HC|  |TAMS 0x0000000080200000, 0x0000000080100000| Complete 
|   2|0x0000000080200000, 0x0000000080300000, 0x0000000080300000|100%|HC|  |TAMS 0x0000000080300000, 0x0000000080200000| Complete 
|   3|0x0000000080300000, 0x0000000080400000, 0x0000000080400000|100%|HC|  |TAMS 0x0000000080400000, 0x0000000080300000| Complete 
|   4|0x0000000080400000, 0x0000000080500000, 0x0000000080500000|100%| O|  |TAMS 0x0000000080500000, 0x0000000080400000| Untracked 
|   5|0x0000000080500000, 0x0000000080600000, 0x0000000080600000|100%| O|  |TAMS 0x0000000080600000, 0x0000000080500000| Untracked 
|   6|0x0000000080600000, 0x0000000080700000, 0x0000000080700000|100%| O|  |TAMS 0x0000000080700000, 0x0000000080600000| Untracked 
|   7|0x0000000080700000, 0x0000000080800000, 0x0000000080800000|100%| O|  |TAMS 0x0000000080800000, 0x0000000080700000| Untracked 
|   8|0x0000000080800000, 0x0000000080900000, 0x0000000080900000|100%| O|  |TAMS 0x0000000080900000, 0x0000000080800000| Untracked 
|   9|0x0000000080900000, 0x0000000080a00000, 0x0000000080a00000|100%| O|  |TAMS 0x0000000080a00000, 0x0000000080900000| Untracked 
|  10|0x0000000080a00000, 0x0000000080a7fe00, 0x0000000080b00000| 49%| O|  |TAMS 0x0000000080a7fe00, 0x0000000080a00000| Untracked 
|  11|0x0000000080b00000, 0x0000000080c00000, 0x0000000080c00000|100%| O|  |TAMS 0x0000000080c00000, 0x0000000080b00000| Untracked 
|  12|0x0000000080c00000, 0x0000000080d00000, 0x0000000080d00000|100%| O|  |TAMS 0x0000000080d00000, 0x0000000080c00000| Untracked 
|  13|0x0000000080d00000, 0x0000000080e00000, 0x0000000080e00000|100%| O|  |TAMS 0x0000000080e00000, 0x0000000080d00000| Untracked 
|  14|0x0000000080e00000, 0x0000000080f00000, 0x0000000080f00000|100%| O|  |TAMS 0x0000000080f00000, 0x0000000080e00000| Untracked 
|  15|0x0000000080f00000, 0x0000000081000000, 0x0000000081000000|100%| O|  |TAMS 0x0000000081000000, 0x0000000080f00000| Untracked 
|  16|0x0000000081000000, 0x0000000081100000, 0x0000000081100000|100%| O|  |TAMS 0x0000000081100000, 0x0000000081000000| Untracked 
|  17|0x0000000081100000, 0x0000000081200000, 0x0000000081200000|100%| O|  |TAMS 0x0000000081200000, 0x0000000081100000| Untracked 
|  18|0x0000000081200000, 0x0000000081300000, 0x0000000081300000|100%| O|  |TAMS 0x0000000081300000, 0x0000000081200000| Untracked 
|  19|0x0000000081300000, 0x0000000081400000, 0x0000000081400000|100%|HS|  |TAMS 0x0000000081400000, 0x0000000081300000| Complete 
|  20|0x0000000081400000, 0x0000000081500000, 0x0000000081500000|100%|HC|  |TAMS 0x0000000081500000, 0x0000000081400000| Complete 
|  21|0x0000000081500000, 0x0000000081600000, 0x0000000081600000|100%|HC|  |TAMS 0x0000000081600000, 0x0000000081500000| Complete 
|  22|0x0000000081600000, 0x0000000081700000, 0x0000000081700000|100%|HC|  |TAMS 0x0000000081700000, 0x0000000081600000| Complete 
|  23|0x0000000081700000, 0x0000000081800000, 0x0000000081800000|100%|HC|  |TAMS 0x0000000081800000, 0x0000000081700000| Complete 
|  24|0x0000000081800000, 0x0000000081900000, 0x0000000081900000|100%|HS|  |TAMS 0x0000000081900000, 0x0000000081800000| Complete 
|  25|0x0000000081900000, 0x0000000081a00000, 0x0000000081a00000|100%|HC|  |TAMS 0x0000000081a00000, 0x0000000081900000| Complete 
|  26|0x0000000081a00000, 0x0000000081b00000, 0x0000000081b00000|100%|HC|  |TAMS 0x0000000081b00000, 0x0000000081a00000| Complete 
|  27|0x0000000081b00000, 0x0000000081c00000, 0x0000000081c00000|100%|HS|  |TAMS 0x0000000081c00000, 0x0000000081b00000| Complete 
|  28|0x0000000081c00000, 0x0000000081d00000, 0x0000000081d00000|100%|HC|  |TAMS 0x0000000081d00000, 0x0000000081c00000| Complete 
|  29|0x0000000081d00000, 0x0000000081e00000, 0x0000000081e00000|100%|HC|  |TAMS 0x0000000081e00000, 0x0000000081d00000| Complete 
|  30|0x0000000081e00000, 0x0000000081f00000, 0x0000000081f00000|100%|HS|  |TAMS 0x0000000081f00000, 0x0000000081e00000| Complete 
|  31|0x0000000081f00000, 0x0000000082000000, 0x0000000082000000|100%| O|  |TAMS 0x0000000082000000, 0x0000000081f00000| Untracked 
|  32|0x0000000082000000, 0x0000000082100000, 0x0000000082100000|100%| O|  |TAMS 0x0000000082100000, 0x0000000082000000| Untracked 
|  33|0x0000000082100000, 0x0000000082200000, 0x0000000082200000|100%| O|  |TAMS 0x0000000082200000, 0x0000000082100000| Untracked 
|  34|0x0000000082200000, 0x0000000082300000, 0x0000000082300000|100%| O|  |TAMS 0x0000000082300000, 0x0000000082200000| Untracked 
|  35|0x0000000082300000, 0x0000000082400000, 0x0000000082400000|100%| O|  |TAMS 0x0000000082400000, 0x0000000082300000| Untracked 
|  36|0x0000000082400000, 0x0000000082500000, 0x0000000082500000|100%| O|  |TAMS 0x0000000082500000, 0x0000000082400000| Untracked 
|  37|0x0000000082500000, 0x0000000082600000, 0x0000000082600000|100%| O|  |TAMS 0x0000000082600000, 0x0000000082500000| Untracked 
|  38|0x0000000082600000, 0x0000000082700000, 0x0000000082700000|100%| O|  |TAMS 0x0000000082700000, 0x0000000082600000| Untracked 
|  39|0x0000000082700000, 0x0000000082800000, 0x0000000082800000|100%| O|  |TAMS 0x0000000082800000, 0x0000000082700000| Untracked 
|  40|0x0000000082800000, 0x0000000082900000, 0x0000000082900000|100%| O|  |TAMS 0x0000000082900000, 0x0000000082800000| Untracked 
|  41|0x0000000082900000, 0x0000000082a00000, 0x0000000082a00000|100%| O|  |TAMS 0x0000000082a00000, 0x0000000082900000| Untracked 
|  42|0x0000000082a00000, 0x0000000082b00000, 0x0000000082b00000|100%| O|  |TAMS 0x0000000082b00000, 0x0000000082a00000| Untracked 
|  43|0x0000000082b00000, 0x0000000082c00000, 0x0000000082c00000|100%| O|  |TAMS 0x0000000082c00000, 0x0000000082b00000| Untracked 
|  44|0x0000000082c00000, 0x0000000082d00000, 0x0000000082d00000|100%| O|  |TAMS 0x0000000082d00000, 0x0000000082c00000| Untracked 
|  45|0x0000000082d00000, 0x0000000082e00000, 0x0000000082e00000|100%| O|  |TAMS 0x0000000082de9800, 0x0000000082d00000| Untracked 
|  46|0x0000000082e00000, 0x0000000082f00000, 0x0000000082f00000|100%| O|  |TAMS 0x0000000082e00000, 0x0000000082e00000| Untracked 
|  47|0x0000000082f00000, 0x0000000082fbc008, 0x0000000083000000| 73%| O|  |TAMS 0x0000000082f00000, 0x0000000082f00000| Untracked 
|  48|0x0000000083000000, 0x0000000083100000, 0x0000000083100000|100%|HS|  |TAMS 0x0000000083000000, 0x0000000083000000| Complete 
|  49|0x0000000083100000, 0x0000000083200000, 0x0000000083200000|100%|HS|  |TAMS 0x0000000083100000, 0x0000000083100000| Complete 
|  50|0x0000000083200000, 0x0000000083300000, 0x0000000083300000|100%|HC|  |TAMS 0x0000000083200000, 0x0000000083200000| Complete 
|  51|0x0000000083300000, 0x0000000083400000, 0x0000000083400000|100%|HS|  |TAMS 0x0000000083300000, 0x0000000083300000| Complete 
|  52|0x0000000083400000, 0x0000000083500000, 0x0000000083500000|100%|HC|  |TAMS 0x0000000083400000, 0x0000000083400000| Complete 
|  53|0x0000000083500000, 0x0000000083500000, 0x0000000083600000|  0%| F|  |TAMS 0x0000000083500000, 0x0000000083500000| Untracked 
|  54|0x0000000083600000, 0x0000000083600000, 0x0000000083700000|  0%| F|  |TAMS 0x0000000083600000, 0x0000000083600000| Untracked 
|  55|0x0000000083700000, 0x0000000083700000, 0x0000000083800000|  0%| F|  |TAMS 0x0000000083700000, 0x0000000083700000| Untracked 
|  56|0x0000000083800000, 0x0000000083800000, 0x0000000083900000|  0%| F|  |TAMS 0x0000000083800000, 0x0000000083800000| Untracked 
|  57|0x0000000083900000, 0x0000000083900000, 0x0000000083a00000|  0%| F|  |TAMS 0x0000000083900000, 0x0000000083900000| Untracked 
|  58|0x0000000083a00000, 0x0000000083a00000, 0x0000000083b00000|  0%| F|  |TAMS 0x0000000083a00000, 0x0000000083a00000| Untracked 
|  59|0x0000000083b00000, 0x0000000083b00000, 0x0000000083c00000|  0%| F|  |TAMS 0x0000000083b00000, 0x0000000083b00000| Untracked 
|  60|0x0000000083c00000, 0x0000000083c00000, 0x0000000083d00000|  0%| F|  |TAMS 0x0000000083c00000, 0x0000000083c00000| Untracked 
|  61|0x0000000083d00000, 0x0000000083d00000, 0x0000000083e00000|  0%| F|  |TAMS 0x0000000083d00000, 0x0000000083d00000| Untracked 
|  62|0x0000000083e00000, 0x0000000083e00000, 0x0000000083f00000|  0%| F|  |TAMS 0x0000000083e00000, 0x0000000083e00000| Untracked 
|  63|0x0000000083f00000, 0x0000000083f00000, 0x0000000084000000|  0%| F|  |TAMS 0x0000000083f00000, 0x0000000083f00000| Untracked 
|  64|0x0000000084000000, 0x0000000084000000, 0x0000000084100000|  0%| F|  |TAMS 0x0000000084000000, 0x0000000084000000| Untracked 
|  65|0x0000000084100000, 0x0000000084100000, 0x0000000084200000|  0%| F|  |TAMS 0x0000000084100000, 0x0000000084100000| Untracked 
|  66|0x0000000084200000, 0x0000000084200000, 0x0000000084300000|  0%| F|  |TAMS 0x0000000084200000, 0x0000000084200000| Untracked 
|  67|0x0000000084300000, 0x0000000084300000, 0x0000000084400000|  0%| F|  |TAMS 0x0000000084300000, 0x0000000084300000| Untracked 
|  68|0x0000000084400000, 0x0000000084400000, 0x0000000084500000|  0%| F|  |TAMS 0x0000000084400000, 0x0000000084400000| Untracked 
|  69|0x0000000084500000, 0x0000000084500000, 0x0000000084600000|  0%| F|  |TAMS 0x0000000084500000, 0x0000000084500000| Untracked 
|  70|0x0000000084600000, 0x0000000084600000, 0x0000000084700000|  0%| F|  |TAMS 0x0000000084600000, 0x0000000084600000| Untracked 
|  71|0x0000000084700000, 0x0000000084700000, 0x0000000084800000|  0%| F|  |TAMS 0x0000000084700000, 0x0000000084700000| Untracked 
|  72|0x0000000084800000, 0x0000000084800000, 0x0000000084900000|  0%| F|  |TAMS 0x0000000084800000, 0x0000000084800000| Untracked 
|  73|0x0000000084900000, 0x0000000084900000, 0x0000000084a00000|  0%| F|  |TAMS 0x0000000084900000, 0x0000000084900000| Untracked 
|  74|0x0000000084a00000, 0x0000000084a00000, 0x0000000084b00000|  0%| F|  |TAMS 0x0000000084a00000, 0x0000000084a00000| Untracked 
|  75|0x0000000084b00000, 0x0000000084b0b578, 0x0000000084c00000|  4%| S|CS|TAMS 0x0000000084b00000, 0x0000000084b00000| Complete 
|  76|0x0000000084c00000, 0x0000000084d00000, 0x0000000084d00000|100%| S|CS|TAMS 0x0000000084c00000, 0x0000000084c00000| Complete 
|  77|0x0000000084d00000, 0x0000000084d00000, 0x0000000084e00000|  0%| F|  |TAMS 0x0000000084d00000, 0x0000000084d00000| Untracked 
|  78|0x0000000084e00000, 0x0000000084e00000, 0x0000000084f00000|  0%| F|  |TAMS 0x0000000084e00000, 0x0000000084e00000| Untracked 
|  79|0x0000000084f00000, 0x0000000084ffa2a8, 0x0000000085000000| 97%| E|  |TAMS 0x0000000084f00000, 0x0000000084f00000| Complete 
|  80|0x0000000085000000, 0x0000000085100000, 0x0000000085100000|100%| E|CS|TAMS 0x0000000085000000, 0x0000000085000000| Complete 
|  81|0x0000000085100000, 0x0000000085200000, 0x0000000085200000|100%| E|CS|TAMS 0x0000000085100000, 0x0000000085100000| Complete 
|  82|0x0000000085200000, 0x0000000085300000, 0x0000000085300000|100%| E|CS|TAMS 0x0000000085200000, 0x0000000085200000| Complete 
|  83|0x0000000085300000, 0x0000000085400000, 0x0000000085400000|100%| E|CS|TAMS 0x0000000085300000, 0x0000000085300000| Complete 
|  84|0x0000000085400000, 0x0000000085500000, 0x0000000085500000|100%| E|CS|TAMS 0x0000000085400000, 0x0000000085400000| Complete 
|  85|0x0000000085500000, 0x0000000085600000, 0x0000000085600000|100%| E|CS|TAMS 0x0000000085500000, 0x0000000085500000| Complete 
|  86|0x0000000085600000, 0x0000000085700000, 0x0000000085700000|100%| E|CS|TAMS 0x0000000085600000, 0x0000000085600000| Complete 
|  87|0x0000000085700000, 0x0000000085800000, 0x0000000085800000|100%| E|CS|TAMS 0x0000000085700000, 0x0000000085700000| Complete 
|  88|0x0000000085800000, 0x0000000085900000, 0x0000000085900000|100%| E|CS|TAMS 0x0000000085800000, 0x0000000085800000| Complete 
|  89|0x0000000085900000, 0x0000000085a00000, 0x0000000085a00000|100%| E|CS|TAMS 0x0000000085900000, 0x0000000085900000| Complete 
|  90|0x0000000085a00000, 0x0000000085b00000, 0x0000000085b00000|100%| E|CS|TAMS 0x0000000085a00000, 0x0000000085a00000| Complete 
|  91|0x0000000085b00000, 0x0000000085c00000, 0x0000000085c00000|100%| E|CS|TAMS 0x0000000085b00000, 0x0000000085b00000| Complete 
|  92|0x0000000085c00000, 0x0000000085d00000, 0x0000000085d00000|100%| E|CS|TAMS 0x0000000085c00000, 0x0000000085c00000| Complete 
|  93|0x0000000085d00000, 0x0000000085e00000, 0x0000000085e00000|100%| E|CS|TAMS 0x0000000085d00000, 0x0000000085d00000| Complete 
|  94|0x0000000085e00000, 0x0000000085f00000, 0x0000000085f00000|100%| E|CS|TAMS 0x0000000085e00000, 0x0000000085e00000| Complete 
| 123|0x0000000087b00000, 0x0000000087c00000, 0x0000000087c00000|100%| E|CS|TAMS 0x0000000087b00000, 0x0000000087b00000| Complete 

Card table byte_map: [0x0000020dd8a10000,0x0000020dd8e10000] _byte_map_base: 0x0000020dd8610000

Marking Bits (Prev, Next): (CMBitMap*) 0x0000020dc5e5cc60, (CMBitMap*) 0x0000020dc5e5cca0
 Prev Bits: [0x0000020dd9210000, 0x0000020ddb210000)
 Next Bits: [0x0000020ddb210000, 0x0000020ddd210000)

Polling page: 0x0000020dc3f70000

Metaspace:

Usage:
  Non-class:     42.91 MB used.
      Class:      6.57 MB used.
       Both:     49.48 MB used.

Virtual space:
  Non-class space:       64.00 MB reserved,      43.12 MB ( 67%) committed,  1 nodes.
      Class space:        1.00 GB reserved,       6.75 MB ( <1%) committed,  1 nodes.
             Both:        1.06 GB reserved,      49.88 MB (  5%) committed. 

Chunk freelists:
   Non-Class:  4.89 MB
       Class:  9.07 MB
        Both:  13.97 MB

MaxMetaspaceSize: unlimited
CompressedClassSpaceSize: 1.00 GB
Initial GC threshold: 21.00 MB
Current GC threshold: 82.62 MB
CDS: off
MetaspaceReclaimPolicy: balanced
 - commit_granule_bytes: 65536.
 - commit_granule_words: 8192.
 - virtual_space_node_default_size: 8388608.
 - enlarge_chunks_in_place: 1.
 - new_chunks_are_fully_committed: 0.
 - uncommit_free_chunks: 1.
 - use_allocation_guard: 0.
 - handle_deallocations: 1.


Internal statistics:

num_allocs_failed_limit: 6.
num_arena_births: 434.
num_arena_deaths: 2.
num_vsnodes_births: 2.
num_vsnodes_deaths: 0.
num_space_committed: 798.
num_space_uncommitted: 0.
num_chunks_returned_to_freelist: 10.
num_chunks_taken_from_freelist: 1976.
num_chunk_merges: 6.
num_chunk_splits: 1308.
num_chunks_enlarged: 937.
num_inconsistent_stats: 0.

CodeHeap 'non-profiled nmethods': size=120000Kb used=2516Kb max_used=2516Kb free=117483Kb
 bounds [0x0000020dd0db0000, 0x0000020dd1030000, 0x0000020dd82e0000]
CodeHeap 'profiled nmethods': size=120000Kb used=9461Kb max_used=9461Kb free=110538Kb
 bounds [0x0000020dc92e0000, 0x0000020dc9c20000, 0x0000020dd0810000]
CodeHeap 'non-nmethods': size=5760Kb used=2314Kb max_used=2338Kb free=3445Kb
 bounds [0x0000020dd0810000, 0x0000020dd0a80000, 0x0000020dd0db0000]
 total_blobs=5588 nmethods=4759 adapters=741
 compilation: enabled
              stopped_count=0, restarted_count=0
 full_count=0

Compilation events (20 events):
Event: 50.721 Thread 0x0000020de4072a50 nmethod 4759 0x0000020dc9c04410 code [0x0000020dc9c045a0, 0x0000020dc9c046b8]
Event: 50.721 Thread 0x0000020de4072a50 4756       1       org.codehaus.groovy.ast.ASTNode::getLastColumnNumber (5 bytes)
Event: 50.721 Thread 0x0000020de4072a50 nmethod 4756 0x0000020dd101fe10 code [0x0000020dd101ffa0, 0x0000020dd1020078]
Event: 50.721 Thread 0x0000020de4072a50 4757       1       org.codehaus.groovy.ast.expr.Expression::setType (6 bytes)
Event: 50.721 Thread 0x0000020de4072a50 nmethod 4757 0x0000020dd1020110 code [0x0000020dd10202a0, 0x0000020dd10203b8]
Event: 50.721 Thread 0x0000020de4072a50 4760       1       org.codehaus.groovy.control.ProcessingUnit::getClassLoader (5 bytes)
Event: 50.721 Thread 0x0000020de4072a50 nmethod 4760 0x0000020dd1020410 code [0x0000020dd10205a0, 0x0000020dd1020678]
Event: 50.721 Thread 0x0000020de4072a50 4761       2       org.codehaus.groovy.control.ClassNodeResolver::resolveName (73 bytes)
Event: 50.722 Thread 0x0000020de4072a50 nmethod 4761 0x0000020dc9c04790 code [0x0000020dc9c04980, 0x0000020dc9c04d08]
Event: 50.722 Thread 0x0000020de4072a50 4762       2       org.codehaus.groovy.control.ClassNodeResolver::getFromClassCache (16 bytes)
Event: 50.722 Thread 0x0000020de4072a50 nmethod 4762 0x0000020dc9c04f10 code [0x0000020dc9c050c0, 0x0000020dc9c05228]
Event: 50.722 Thread 0x0000020de4072a50 4763       2       org.codehaus.groovy.ast.decompiled.AsmReferenceResolver::resolveClass (21 bytes)
Event: 50.722 Thread 0x0000020de4072a50 nmethod 4763 0x0000020dc9c05310 code [0x0000020dc9c054c0, 0x0000020dc9c05698]
Event: 50.722 Thread 0x0000020de4072a50 4764       2       groovyjarjarasm.asm.Type::getClassName (180 bytes)
Event: 50.722 Thread 0x0000020de4072a50 nmethod 4764 0x0000020dc9c05790 code [0x0000020dc9c05a60, 0x0000020dc9c063c8]
Event: 50.722 Thread 0x0000020de4072a50 4765       2       org.codehaus.groovy.ast.decompiled.AsmReferenceResolver::resolveType (47 bytes)
Event: 50.723 Thread 0x0000020de4072a50 nmethod 4765 0x0000020dc9c06890 code [0x0000020dc9c06b00, 0x0000020dc9c072b8]
Event: 50.723 Thread 0x0000020de4072a50 4767       2       org.codehaus.groovy.ast.CompileUnit::getClass (34 bytes)
Event: 50.723 Thread 0x0000020de4072a50 nmethod 4767 0x0000020dc9c07810 code [0x0000020dc9c079c0, 0x0000020dc9c07bd8]
Event: 50.723 Thread 0x0000020de4072a50 4770       2       org.apache.groovy.ast.tools.MethodNodeUtils::getPropertyName (196 bytes)

GC Heap History (20 events):
Event: 47.630 GC heap before
{Heap before GC invocations=5 (full 0):
 garbage-first heap   total 71680K, used 53656K [0x0000000080000000, 0x0000000100000000)
  region size 1024K, 31 young (31744K), 3 survivors (3072K)
 Metaspace       used 30267K, committed 30592K, reserved 1114112K
  class space    used 4064K, committed 4224K, reserved 1048576K
}
Event: 47.655 GC heap after
{Heap after GC invocations=6 (full 0):
 garbage-first heap   total 71680K, used 27476K [0x0000000080000000, 0x0000000100000000)
  region size 1024K, 4 young (4096K), 4 survivors (4096K)
 Metaspace       used 30267K, committed 30592K, reserved 1114112K
  class space    used 4064K, committed 4224K, reserved 1048576K
}
Event: 48.980 GC heap before
{Heap before GC invocations=6 (full 0):
 garbage-first heap   total 71680K, used 59220K [0x0000000080000000, 0x0000000100000000)
  region size 1024K, 29 young (29696K), 4 survivors (4096K)
 Metaspace       used 33214K, committed 33600K, reserved 1114112K
  class space    used 4543K, committed 4672K, reserved 1048576K
}
Event: 48.988 GC heap after
{Heap after GC invocations=7 (full 0):
 garbage-first heap   total 71680K, used 38994K [0x0000000080000000, 0x0000000100000000)
  region size 1024K, 4 young (4096K), 4 survivors (4096K)
 Metaspace       used 33214K, committed 33600K, reserved 1114112K
  class space    used 4543K, committed 4672K, reserved 1048576K
}
Event: 49.226 GC heap before
{Heap before GC invocations=7 (full 0):
 garbage-first heap   total 71680K, used 57426K [0x0000000080000000, 0x0000000100000000)
  region size 1024K, 22 young (22528K), 4 survivors (4096K)
 Metaspace       used 35509K, committed 35840K, reserved 1114112K
  class space    used 4917K, committed 5056K, reserved 1048576K
}
Event: 49.235 GC heap after
{Heap after GC invocations=8 (full 0):
 garbage-first heap   total 71680K, used 40042K [0x0000000080000000, 0x0000000100000000)
  region size 1024K, 1 young (1024K), 1 survivors (1024K)
 Metaspace       used 35509K, committed 35840K, reserved 1114112K
  class space    used 4917K, committed 5056K, reserved 1048576K
}
Event: 49.469 GC heap before
{Heap before GC invocations=9 (full 0):
 garbage-first heap   total 71680K, used 57450K [0x0000000080000000, 0x0000000100000000)
  region size 1024K, 19 young (19456K), 1 survivors (1024K)
 Metaspace       used 38931K, committed 39360K, reserved 1114112K
  class space    used 5300K, committed 5504K, reserved 1048576K
}
Event: 49.471 GC heap after
{Heap after GC invocations=10 (full 0):
 garbage-first heap   total 71680K, used 41794K [0x0000000080000000, 0x0000000100000000)
  region size 1024K, 3 young (3072K), 3 survivors (3072K)
 Metaspace       used 38931K, committed 39360K, reserved 1114112K
  class space    used 5300K, committed 5504K, reserved 1048576K
}
Event: 49.553 GC heap before
{Heap before GC invocations=11 (full 0):
 garbage-first heap   total 73728K, used 56130K [0x0000000080000000, 0x0000000100000000)
  region size 1024K, 18 young (18432K), 3 survivors (3072K)
 Metaspace       used 39212K, committed 39552K, reserved 1114112K
  class space    used 5323K, committed 5504K, reserved 1048576K
}
Event: 49.556 GC heap after
{Heap after GC invocations=12 (full 0):
 garbage-first heap   total 73728K, used 43307K [0x0000000080000000, 0x0000000100000000)
  region size 1024K, 3 young (3072K), 3 survivors (3072K)
 Metaspace       used 39212K, committed 39552K, reserved 1114112K
  class space    used 5323K, committed 5504K, reserved 1048576K
}
Event: 49.691 GC heap before
{Heap before GC invocations=12 (full 0):
 garbage-first heap   total 73728K, used 56619K [0x0000000080000000, 0x0000000100000000)
  region size 1024K, 17 young (17408K), 3 survivors (3072K)
 Metaspace       used 41421K, committed 41728K, reserved 1114112K
  class space    used 5739K, committed 5888K, reserved 1048576K
}
Event: 49.693 GC heap after
{Heap after GC invocations=13 (full 0):
 garbage-first heap   total 73728K, used 43827K [0x0000000080000000, 0x0000000100000000)
  region size 1024K, 2 young (2048K), 2 survivors (2048K)
 Metaspace       used 41421K, committed 41728K, reserved 1114112K
  class space    used 5739K, committed 5888K, reserved 1048576K
}
Event: 49.964 GC heap before
{Heap before GC invocations=14 (full 0):
 garbage-first heap   total 78848K, used 57139K [0x0000000080000000, 0x0000000100000000)
  region size 1024K, 16 young (16384K), 2 survivors (2048K)
 Metaspace       used 43167K, committed 43584K, reserved 1114112K
  class space    used 5924K, committed 6144K, reserved 1048576K
}
Event: 49.966 GC heap after
{Heap after GC invocations=15 (full 0):
 garbage-first heap   total 78848K, used 44398K [0x0000000080000000, 0x0000000100000000)
  region size 1024K, 1 young (1024K), 1 survivors (1024K)
 Metaspace       used 43167K, committed 43584K, reserved 1114112K
  class space    used 5924K, committed 6144K, reserved 1048576K
}
Event: 50.214 GC heap before
{Heap before GC invocations=15 (full 0):
 garbage-first heap   total 78848K, used 62830K [0x0000000080000000, 0x0000000100000000)
  region size 1024K, 19 young (19456K), 1 survivors (1024K)
 Metaspace       used 45980K, committed 46400K, reserved 1114112K
  class space    used 6253K, committed 6400K, reserved 1048576K
}
Event: 50.216 GC heap after
{Heap after GC invocations=16 (full 0):
 garbage-first heap   total 78848K, used 46561K [0x0000000080000000, 0x0000000100000000)
  region size 1024K, 3 young (3072K), 3 survivors (3072K)
 Metaspace       used 45980K, committed 46400K, reserved 1114112K
  class space    used 6253K, committed 6400K, reserved 1048576K
}
Event: 50.539 GC heap before
{Heap before GC invocations=17 (full 0):
 garbage-first heap   total 81920K, used 62945K [0x0000000080000000, 0x0000000100000000)
  region size 1024K, 19 young (19456K), 3 survivors (3072K)
 Metaspace       used 49539K, committed 49920K, reserved 1114112K
  class space    used 6664K, committed 6848K, reserved 1048576K
}
Event: 50.543 GC heap after
{Heap after GC invocations=18 (full 0):
 garbage-first heap   total 81920K, used 48352K [0x0000000080000000, 0x0000000100000000)
  region size 1024K, 2 young (2048K), 2 survivors (2048K)
 Metaspace       used 49539K, committed 49920K, reserved 1114112K
  class space    used 6664K, committed 6848K, reserved 1048576K
}
Event: 50.562 GC heap before
{Heap before GC invocations=18 (full 0):
 garbage-first heap   total 81920K, used 49376K [0x0000000080000000, 0x0000000100000000)
  region size 1024K, 5 young (5120K), 2 survivors (2048K)
 Metaspace       used 49655K, committed 50048K, reserved 1114112K
  class space    used 6673K, committed 6848K, reserved 1048576K
}
Event: 50.565 GC heap after
{Heap after GC invocations=19 (full 0):
 garbage-first heap   total 98304K, used 49436K [0x0000000080000000, 0x0000000100000000)
  region size 1024K, 2 young (2048K), 2 survivors (2048K)
 Metaspace       used 49655K, committed 50048K, reserved 1114112K
  class space    used 6673K, committed 6848K, reserved 1048576K
}

Dll operation events (3 events):
Event: 0.038 Loaded shared library D:\Program_Files\Android\Android Studio\jbr\bin\java.dll
Event: 0.271 Loaded shared library D:\Program_Files\Android\Android Studio\jbr\bin\zip.dll
Event: 0.627 Loaded shared library D:\Program_Files\Android\Android Studio\jbr\bin\verify.dll

Deoptimization events (20 events):
Event: 50.646 Thread 0x0000020de67b5540 DEOPT PACKING pc=0x0000020dd0fcfda0 sp=0x0000001ea84f6350
Event: 50.646 Thread 0x0000020de67b5540 DEOPT UNPACKING pc=0x0000020dd08669a3 sp=0x0000001ea84f6190 mode 2
Event: 50.646 Thread 0x0000020de67b5540 Uncommon trap: trap_request=0xffffff66 fr.pc=0x0000020dd0fcfda0 relative=0x0000000000005900
Event: 50.646 Thread 0x0000020de67b5540 Uncommon trap: reason=speculate_class_check action=maybe_recompile pc=0x0000020dd0fcfda0 method=groovyjarjarantlr4.v4.runtime.atn.ATNConfig.hashCode()I @ 55 c2
Event: 50.646 Thread 0x0000020de67b5540 DEOPT PACKING pc=0x0000020dd0fcfda0 sp=0x0000001ea84f5db0
Event: 50.646 Thread 0x0000020de67b5540 DEOPT UNPACKING pc=0x0000020dd08669a3 sp=0x0000001ea84f5bf0 mode 2
Event: 50.646 Thread 0x0000020de67b5540 Uncommon trap: trap_request=0xffffff66 fr.pc=0x0000020dd0fcfda0 relative=0x0000000000005900
Event: 50.646 Thread 0x0000020de67b5540 Uncommon trap: reason=speculate_class_check action=maybe_recompile pc=0x0000020dd0fcfda0 method=groovyjarjarantlr4.v4.runtime.atn.ATNConfig.hashCode()I @ 55 c2
Event: 50.646 Thread 0x0000020de67b5540 DEOPT PACKING pc=0x0000020dd0fcfda0 sp=0x0000001ea84f5b40
Event: 50.646 Thread 0x0000020de67b5540 DEOPT UNPACKING pc=0x0000020dd08669a3 sp=0x0000001ea84f5980 mode 2
Event: 50.646 Thread 0x0000020de67b5540 Uncommon trap: trap_request=0xffffff66 fr.pc=0x0000020dd0fcfda0 relative=0x0000000000005900
Event: 50.646 Thread 0x0000020de67b5540 Uncommon trap: reason=speculate_class_check action=maybe_recompile pc=0x0000020dd0fcfda0 method=groovyjarjarantlr4.v4.runtime.atn.ATNConfig.hashCode()I @ 55 c2
Event: 50.646 Thread 0x0000020de67b5540 DEOPT PACKING pc=0x0000020dd0fcfda0 sp=0x0000001ea84f5b40
Event: 50.646 Thread 0x0000020de67b5540 DEOPT UNPACKING pc=0x0000020dd08669a3 sp=0x0000001ea84f5980 mode 2
Event: 50.657 Thread 0x0000020de67b5540 Uncommon trap: trap_request=0xffffff45 fr.pc=0x0000020dd0fa8504 relative=0x0000000000000084
Event: 50.657 Thread 0x0000020de67b5540 Uncommon trap: reason=unstable_if action=reinterpret pc=0x0000020dd0fa8504 method=java.lang.String.codePointAt(I)I @ 4 c2
Event: 50.657 Thread 0x0000020de67b5540 DEOPT PACKING pc=0x0000020dd0fa8504 sp=0x0000001ea84f5df0
Event: 50.657 Thread 0x0000020de67b5540 DEOPT UNPACKING pc=0x0000020dd08669a3 sp=0x0000001ea84f5d88 mode 2
Event: 50.672 Thread 0x0000020de67b5540 DEOPT PACKING pc=0x0000020dc9bce1fa sp=0x0000001ea84f60e0
Event: 50.672 Thread 0x0000020de67b5540 DEOPT UNPACKING pc=0x0000020dd0867143 sp=0x0000001ea84f5548 mode 0

Classes unloaded (2 events):
Event: 50.586 Thread 0x0000020ddfc80280 Unloading class 0x000000010062c000 '_BuildScript_$_run_closure1'
Event: 50.586 Thread 0x0000020ddfc80280 Unloading class 0x0000000100624000 '_BuildScript_'

Classes redefined (0 events):
No events

Internal exceptions (20 events):
Event: 50.512 Thread 0x0000020de67b5540 Exception <a 'java/lang/ClassNotFoundException'{0x00000000842c2c00}: org/gradle/groovy/scripts/ScriptBeanInfo> (0x00000000842c2c00) 
thrown [s\src\hotspot\share\classfile\systemDictionary.cpp, line 256]
Event: 50.513 Thread 0x0000020de67b5540 Exception <a 'java/lang/ClassNotFoundException'{0x00000000842dbc90}: groovy/lang/ScriptBeanInfo> (0x00000000842dbc90) 
thrown [s\src\hotspot\share\classfile\systemDictionary.cpp, line 256]
Event: 50.513 Thread 0x0000020de67b5540 Exception <a 'java/lang/ClassNotFoundException'{0x00000000842f4f60}: groovy/lang/ScriptCustomizer> (0x00000000842f4f60) 
thrown [s\src\hotspot\share\classfile\systemDictionary.cpp, line 256]
Event: 50.513 Thread 0x0000020de67b5540 Exception <a 'java/lang/ClassNotFoundException'{0x0000000084108d20}: org/gradle/groovy/scripts/ScriptCustomizer> (0x0000000084108d20) 
thrown [s\src\hotspot\share\classfile\systemDictionary.cpp, line 256]
Event: 50.514 Thread 0x0000020de67b5540 Exception <a 'java/lang/ClassNotFoundException'{0x000000008411a320}: org/gradle/groovy/scripts/BasicScriptCustomizer> (0x000000008411a320) 
thrown [s\src\hotspot\share\classfile\systemDictionary.cpp, line 256]
Event: 50.515 Thread 0x0000020de67b5540 Exception <a 'java/lang/ClassNotFoundException'{0x0000000084131560}: org/gradle/groovy/scripts/DefaultScriptCustomizer> (0x0000000084131560) 
thrown [s\src\hotspot\share\classfile\systemDictionary.cpp, line 256]
Event: 50.516 Thread 0x0000020de67b5540 Exception <a 'java/lang/ClassNotFoundException'{0x0000000084159808}: org/gradle/initialization/InitScriptCustomizer> (0x0000000084159808) 
thrown [s\src\hotspot\share\classfile\systemDictionary.cpp, line 256]
Event: 50.517 Thread 0x0000020de67b5540 Exception <a 'java/lang/ClassNotFoundException'{0x0000000084168768}: ijMapper1_f23c8t9q47zw7vucfda1l7ee8Customizer> (0x0000000084168768) 
thrown [s\src\hotspot\share\classfile\systemDictionary.cpp, line 256]
Event: 50.526 Thread 0x0000020de67b5540 Exception <a 'java/lang/ClassNotFoundException'{0x0000000084025638}: org/gradle/internal/extensibility/DefaultExtraPropertiesExtensionBeanInfo> (0x0000000084025638) 
thrown [s\src\hotspot\share\classfile\systemDictionary.cpp, line 256]
Event: 50.526 Thread 0x0000020de67b5540 Exception <a 'java/lang/ClassNotFoundException'{0x0000000084030438}: org/gradle/internal/extensibility/DefaultExtraPropertiesExtensionCustomizer> (0x0000000084030438) 
thrown [s\src\hotspot\share\classfile\systemDictionary.cpp, line 256]
Event: 50.555 Thread 0x0000020de67b5540 Exception <a 'java/lang/ClassNotFoundException'{0x0000000087be6900}: org/gradle/invocation/DefaultGradle_DecoratedBeanInfo> (0x0000000087be6900) 
thrown [s\src\hotspot\share\classfile\systemDictionary.cpp, line 256]
Event: 50.555 Thread 0x0000020de67b5540 Exception <a 'java/lang/ClassNotFoundException'{0x0000000087bf6c38}: org/gradle/invocation/DefaultGradleBeanInfo> (0x0000000087bf6c38) 
thrown [s\src\hotspot\share\classfile\systemDictionary.cpp, line 256]
Event: 50.555 Thread 0x0000020de67b5540 Exception <a 'java/lang/ClassNotFoundException'{0x0000000084e07b10}: org/gradle/api/internal/project/AbstractPluginAwareBeanInfo> (0x0000000084e07b10) 
thrown [s\src\hotspot\share\classfile\systemDictionary.cpp, line 256]
Event: 50.556 Thread 0x0000020de67b5540 Exception <a 'java/lang/ClassNotFoundException'{0x0000000084e18238}: org/gradle/api/internal/project/AbstractPluginAwareCustomizer> (0x0000000084e18238) 
thrown [s\src\hotspot\share\classfile\systemDictionary.cpp, line 256]
Event: 50.556 Thread 0x0000020de67b5540 Exception <a 'java/lang/ClassNotFoundException'{0x0000000084e2e0c8}: org/gradle/invocation/DefaultGradleCustomizer> (0x0000000084e2e0c8) 
thrown [s\src\hotspot\share\classfile\systemDictionary.cpp, line 256]
Event: 50.558 Thread 0x0000020de67b5540 Exception <a 'java/lang/ClassNotFoundException'{0x0000000084e6e568}: org/gradle/invocation/DefaultGradle_DecoratedCustomizer> (0x0000000084e6e568) 
thrown [s\src\hotspot\share\classfile\systemDictionary.cpp, line 256]
Event: 50.606 Thread 0x0000020de67b5540 Exception <a 'java/lang/ClassNotFoundException'{0x0000000087bb6ed8}: groovy/lang/Closure$1BeanInfo> (0x0000000087bb6ed8) 
thrown [s\src\hotspot\share\classfile\systemDictionary.cpp, line 256]
Event: 50.606 Thread 0x0000020de67b5540 Exception <a 'java/lang/ClassNotFoundException'{0x0000000087bdb390}: groovy/lang/ClosureBeanInfo> (0x0000000087bdb390) 
thrown [s\src\hotspot\share\classfile\systemDictionary.cpp, line 256]
Event: 50.607 Thread 0x0000020de67b5540 Exception <a 'java/lang/ClassNotFoundException'{0x0000000087bff9f0}: groovy/lang/ClosureCustomizer> (0x0000000087bff9f0) 
thrown [s\src\hotspot\share\classfile\systemDictionary.cpp, line 256]
Event: 50.611 Thread 0x0000020de67b5540 Exception <a 'java/lang/ClassNotFoundException'{0x0000000085e46ee8}: groovy/lang/Closure$1Customizer> (0x0000000085e46ee8) 
thrown [s\src\hotspot\share\classfile\systemDictionary.cpp, line 256]

VM Operations (20 events):
Event: 50.237 Executing VM operation: HandshakeAllThreads
Event: 50.237 Executing VM operation: HandshakeAllThreads done
Event: 50.244 Executing VM operation: G1PauseCleanup
Event: 50.244 Executing VM operation: G1PauseCleanup done
Event: 50.303 Executing VM operation: HandshakeAllThreads
Event: 50.303 Executing VM operation: HandshakeAllThreads done
Event: 50.319 Executing VM operation: HandshakeAllThreads
Event: 50.320 Executing VM operation: HandshakeAllThreads done
Event: 50.412 Executing VM operation: HandshakeAllThreads
Event: 50.412 Executing VM operation: HandshakeAllThreads done
Event: 50.539 Executing VM operation: G1CollectForAllocation
Event: 50.543 Executing VM operation: G1CollectForAllocation done
Event: 50.562 Executing VM operation: G1TryInitiateConcMark
Event: 50.565 Executing VM operation: G1TryInitiateConcMark done
Event: 50.585 Executing VM operation: G1PauseRemark
Event: 50.601 Executing VM operation: G1PauseRemark done
Event: 50.612 Executing VM operation: G1PauseCleanup
Event: 50.612 Executing VM operation: G1PauseCleanup done
Event: 50.661 Executing VM operation: HandshakeAllThreads
Event: 50.661 Executing VM operation: HandshakeAllThreads done

Events (20 events):
Event: 50.658 loading class java/util/stream/ReferencePipeline$4
Event: 50.658 loading class java/util/stream/ReferencePipeline$4 done
Event: 50.659 loading class java/util/stream/SortedOps
Event: 50.659 loading class java/util/stream/SortedOps done
Event: 50.659 loading class java/util/stream/SortedOps$OfInt
Event: 50.659 loading class java/util/stream/IntPipeline$StatefulOp
Event: 50.660 loading class java/util/stream/IntPipeline$StatefulOp done
Event: 50.660 loading class java/util/stream/SortedOps$OfInt done
Event: 50.661 loading class java/util/stream/Nodes$IntFixedNodeBuilder
Event: 50.661 loading class java/util/stream/Node$Builder$OfInt
Event: 50.661 loading class java/util/stream/Node$Builder$OfInt done
Event: 50.661 loading class java/util/stream/Nodes$IntArrayNode
Event: 50.661 loading class java/util/stream/Nodes$IntArrayNode done
Event: 50.662 loading class java/util/stream/Nodes$IntFixedNodeBuilder done
Event: 50.662 loading class java/util/stream/SortedOps$SizedIntSortingSink
Event: 50.662 loading class java/util/stream/SortedOps$AbstractIntSortingSink
Event: 50.662 loading class java/util/stream/SortedOps$AbstractIntSortingSink done
Event: 50.662 loading class java/util/stream/SortedOps$SizedIntSortingSink done
Event: 50.662 loading class java/util/stream/ReferencePipeline$4$1
Event: 50.662 loading class java/util/stream/ReferencePipeline$4$1 done


Dynamic libraries:
0x00007ff711170000 - 0x00007ff71117a000 	D:\Program_Files\Android\Android Studio\jbr\bin\java.exe
0x00007ff88c9d0000 - 0x00007ff88cbc8000 	C:\windows\SYSTEM32\ntdll.dll
0x00007ff88bfb0000 - 0x00007ff88c072000 	C:\windows\System32\KERNEL32.DLL
0x00007ff88a450000 - 0x00007ff88a74e000 	C:\windows\System32\KERNELBASE.dll
0x00007ff88a200000 - 0x00007ff88a300000 	C:\windows\System32\ucrtbase.dll
0x00007ff87b3b0000 - 0x00007ff87b3c7000 	D:\Program_Files\Android\Android Studio\jbr\bin\jli.dll
0x00007ff88c7f0000 - 0x00007ff88c98d000 	C:\windows\System32\USER32.dll
0x00007ff88a860000 - 0x00007ff88a882000 	C:\windows\System32\win32u.dll
0x00007ff88af70000 - 0x00007ff88af9b000 	C:\windows\System32\GDI32.dll
0x00007ff88a070000 - 0x00007ff88a187000 	C:\windows\System32\gdi32full.dll
0x00007ff88a300000 - 0x00007ff88a39d000 	C:\windows\System32\msvcp_win.dll
0x00007ff872690000 - 0x00007ff87292a000 	C:\windows\WinSxS\amd64_microsoft.windows.common-controls_6595b64144ccf1df_6.0.19041.4355_none_60b8b9eb71f62e16\COMCTL32.dll
0x00007ff88afa0000 - 0x00007ff88b03e000 	C:\windows\System32\msvcrt.dll
0x00007ff878480000 - 0x00007ff87849b000 	D:\Program_Files\Android\Android Studio\jbr\bin\VCRUNTIME140.dll
0x00007ff88ad90000 - 0x00007ff88adbf000 	C:\windows\System32\IMM32.DLL
0x00007ff882f70000 - 0x00007ff882f7c000 	D:\Program_Files\Android\Android Studio\jbr\bin\vcruntime140_1.dll
0x00007ff84aa60000 - 0x00007ff84aaed000 	D:\Program_Files\Android\Android Studio\jbr\bin\msvcp140.dll
0x00007ff838950000 - 0x00007ff8395d3000 	D:\Program_Files\Android\Android Studio\jbr\bin\server\jvm.dll
0x00007ff88bd60000 - 0x00007ff88be11000 	C:\windows\System32\ADVAPI32.dll
0x00007ff88b840000 - 0x00007ff88b8df000 	C:\windows\System32\sechost.dll
0x00007ff88b3a0000 - 0x00007ff88b4c3000 	C:\windows\System32\RPCRT4.dll
0x00007ff88a750000 - 0x00007ff88a777000 	C:\windows\System32\bcrypt.dll
0x00007ff889600000 - 0x00007ff88964b000 	C:\windows\SYSTEM32\POWRPROF.dll
0x00007ff880ec0000 - 0x00007ff880eca000 	C:\windows\SYSTEM32\VERSION.dll
0x00007ff882010000 - 0x00007ff882019000 	C:\windows\SYSTEM32\WSOCK32.dll
0x00007ff870000000 - 0x00007ff870027000 	C:\windows\SYSTEM32\WINMM.dll
0x00007ff88b4d0000 - 0x00007ff88b53b000 	C:\windows\System32\ws2_32.DLL
0x00007ff889470000 - 0x00007ff889482000 	C:\windows\SYSTEM32\UMPDC.dll
0x00007ff888890000 - 0x00007ff8888a2000 	C:\windows\SYSTEM32\kernel.appcore.dll
0x00007ff881310000 - 0x00007ff88131a000 	D:\Program_Files\Android\Android Studio\jbr\bin\jimage.dll
0x00007ff885520000 - 0x00007ff885704000 	C:\windows\SYSTEM32\DBGHELP.DLL
0x00007ff868510000 - 0x00007ff868544000 	C:\windows\SYSTEM32\dbgcore.DLL
0x00007ff88a7d0000 - 0x00007ff88a852000 	C:\windows\System32\bcryptPrimitives.dll
0x00007ff87f5e0000 - 0x00007ff87f5ee000 	D:\Program_Files\Android\Android Studio\jbr\bin\instrument.dll
0x00007ff87b380000 - 0x00007ff87b3a5000 	D:\Program_Files\Android\Android Studio\jbr\bin\java.dll
0x00007ff87bfd0000 - 0x00007ff87bfe8000 	D:\Program_Files\Android\Android Studio\jbr\bin\zip.dll
0x00007ff88c080000 - 0x00007ff88c7ed000 	C:\windows\System32\SHELL32.dll
0x00007ff884cb0000 - 0x00007ff885454000 	C:\windows\SYSTEM32\windows.storage.dll
0x00007ff88b040000 - 0x00007ff88b393000 	C:\windows\System32\combase.dll
0x00007ff889aa0000 - 0x00007ff889ace000 	C:\windows\SYSTEM32\Wldp.dll
0x00007ff88b550000 - 0x00007ff88b61d000 	C:\windows\System32\OLEAUT32.dll
0x00007ff88b790000 - 0x00007ff88b83d000 	C:\windows\System32\SHCORE.dll
0x00007ff88ac10000 - 0x00007ff88ac65000 	C:\windows\System32\shlwapi.dll
0x00007ff889fa0000 - 0x00007ff889fc4000 	C:\windows\SYSTEM32\profapi.dll
0x00007ff87b470000 - 0x00007ff87b489000 	D:\Program_Files\Android\Android Studio\jbr\bin\net.dll
0x00007ff882350000 - 0x00007ff88245d000 	C:\windows\SYSTEM32\WINHTTP.dll
0x00007ff889800000 - 0x00007ff88986a000 	C:\windows\system32\mswsock.dll
0x00007ff87b3d0000 - 0x00007ff87b3e6000 	D:\Program_Files\Android\Android Studio\jbr\bin\nio.dll
0x00007ff87ff30000 - 0x00007ff87ff40000 	D:\Program_Files\Android\Android Studio\jbr\bin\verify.dll
0x00007ff880870000 - 0x00007ff880897000 	C:\Users\Administrator\.gradle\native\68d5fa5c4cc2d200863cafc0d521ce42e7d3e7ee720ec0a83991735586a16f82\windows-amd64\native-platform.dll
0x00007ff84a590000 - 0x00007ff84a6d4000 	C:\Users\Administrator\.gradle\native\e376f236ea51e6404a007f0833ffe2c6e607c4080706a723a18a27aeea778392\windows-amd64\native-platform-file-events.dll
0x00007ff880690000 - 0x00007ff880699000 	D:\Program_Files\Android\Android Studio\jbr\bin\management.dll
0x00007ff8803c0000 - 0x00007ff8803cb000 	D:\Program_Files\Android\Android Studio\jbr\bin\management_ext.dll
0x00007ff88b540000 - 0x00007ff88b548000 	C:\windows\System32\PSAPI.DLL
0x00007ff889a00000 - 0x00007ff889a18000 	C:\windows\SYSTEM32\CRYPTSP.dll
0x00007ff8890b0000 - 0x00007ff8890e4000 	C:\windows\system32\rsaenh.dll
0x00007ff889f60000 - 0x00007ff889f8e000 	C:\windows\SYSTEM32\USERENV.dll
0x00007ff8899f0000 - 0x00007ff8899fc000 	C:\windows\SYSTEM32\CRYPTBASE.dll
0x00007ff889490000 - 0x00007ff8894cb000 	C:\windows\SYSTEM32\IPHLPAPI.DLL
0x00007ff88bd50000 - 0x00007ff88bd58000 	C:\windows\System32\NSI.dll
0x00007ff880a20000 - 0x00007ff880a37000 	C:\windows\SYSTEM32\dhcpcsvc6.DLL
0x00007ff880660000 - 0x00007ff88067d000 	C:\windows\SYSTEM32\dhcpcsvc.DLL
0x00007ff8894e0000 - 0x00007ff8895aa000 	C:\windows\SYSTEM32\DNSAPI.dll
0x00007ff880f60000 - 0x00007ff880f69000 	D:\Program_Files\Android\Android Studio\jbr\bin\extnet.dll
0x00007ff881160000 - 0x00007ff881167000 	C:\windows\system32\wshunix.dll

dbghelp: loaded successfully - version: 4.0.5 - missing functions: none
symbol engine: initialized successfully - sym options: 0x614 - pdb path: .;D:\Program_Files\Android\Android Studio\jbr\bin;C:\windows\SYSTEM32;C:\windows\WinSxS\amd64_microsoft.windows.common-controls_6595b64144ccf1df_6.0.19041.4355_none_60b8b9eb71f62e16;D:\Program_Files\Android\Android Studio\jbr\bin\server;C:\Users\Administrator\.gradle\native\68d5fa5c4cc2d200863cafc0d521ce42e7d3e7ee720ec0a83991735586a16f82\windows-amd64;C:\Users\Administrator\.gradle\native\e376f236ea51e6404a007f0833ffe2c6e607c4080706a723a18a27aeea778392\windows-amd64

VM Arguments:
jvm_args: --add-opens=java.base/java.util=ALL-UNNAMED --add-opens=java.base/java.lang=ALL-UNNAMED --add-opens=java.base/java.lang.invoke=ALL-UNNAMED --add-opens=java.prefs/java.util.prefs=ALL-UNNAMED --add-opens=java.base/java.nio.charset=ALL-UNNAMED --add-opens=java.base/java.net=ALL-UNNAMED --add-opens=java.base/java.util.concurrent.atomic=ALL-UNNAMED -Xmx2048m -Dfile.encoding=UTF-8 -Duser.country=CN -Duser.language=zh -Duser.variant -javaagent:C:\Users\Administrator\.gradle\wrapper\dists\gradle-8.2-bin\bbg7u40eoinfdyxsxr3z4i7ta\gradle-8.2\lib\agents\gradle-instrumentation-agent-8.2.jar 
java_command: org.gradle.launcher.daemon.bootstrap.GradleDaemon 8.2
java_class_path (initial): C:\Users\Administrator\.gradle\wrapper\dists\gradle-8.2-bin\bbg7u40eoinfdyxsxr3z4i7ta\gradle-8.2\lib\gradle-launcher-8.2.jar
Launcher Type: SUN_STANDARD

[Global flags]
     intx CICompilerCount                          = 4                                         {product} {ergonomic}
     uint ConcGCThreads                            = 2                                         {product} {ergonomic}
     uint G1ConcRefinementThreads                  = 8                                         {product} {ergonomic}
   size_t G1HeapRegionSize                         = 1048576                                   {product} {ergonomic}
    uintx GCDrainStackTargetSize                   = 64                                        {product} {ergonomic}
   size_t InitialHeapSize                          = 130023424                                 {product} {ergonomic}
   size_t MarkStackSize                            = 4194304                                   {product} {ergonomic}
   size_t MaxHeapSize                              = 2147483648                                {product} {command line}
   size_t MaxNewSize                               = 1287651328                                {product} {ergonomic}
   size_t MinHeapDeltaBytes                        = 1048576                                   {product} {ergonomic}
   size_t MinHeapSize                              = 8388608                                   {product} {ergonomic}
    uintx NonNMethodCodeHeapSize                   = 5839372                                {pd product} {ergonomic}
    uintx NonProfiledCodeHeapSize                  = 122909434                              {pd product} {ergonomic}
    uintx ProfiledCodeHeapSize                     = 122909434                              {pd product} {ergonomic}
    uintx ReservedCodeCacheSize                    = 251658240                              {pd product} {ergonomic}
     bool SegmentedCodeCache                       = true                                      {product} {ergonomic}
   size_t SoftMaxHeapSize                          = 2147483648                             {manageable} {ergonomic}
     bool UseCompressedClassPointers               = true                           {product lp64_product} {ergonomic}
     bool UseCompressedOops                        = true                           {product lp64_product} {ergonomic}
     bool UseG1GC                                  = true                                      {product} {ergonomic}
     bool UseLargePagesIndividualAllocation        = false                                  {pd product} {ergonomic}

Logging:
Log output configuration:
 #0: stdout all=warning uptime,level,tags
 #1: stderr all=off uptime,level,tags

Environment Variables:
CLASSPATH=.;C:\Program Files (x86)\QuickTime\QTSystem\QTJava.zip
PATH=C:\windows\system32;C:\windows;C:\windows\System32\Wbem;C:\windows\System32\WindowsPowerShell\v1.0\;C:\windows\System32\OpenSSH\;C:\Program Files\Microsoft SQL Server\120\Tools\Binn\;C:\Program Files\Git\cmd;C:\Program Files (x86)\Windows Kits\8.1\Windows Performance Toolkit\;C:\Program Files (x86)\QuickTime\QTSystem\;C:\Users\Administrator\AppData\Local\Programs\Python\Python311\Scripts\;C:\Users\Administrator\AppData\Local\Programs\Python\Python311\;C:\Users\Administrator\AppData\Local\Microsoft\WindowsApps;C:\Program Files\Bandizip\;C:\Users\Administrator\AppData\Local\Programs\Microsoft VS Code\bin;C:\Program Files\Git\bin;D:\tools\Mingw64\bin;D:\tools\x86_64-8.1.0-release-posix-sjlj-rt_v6-rev0\mingw64\bin;
USERNAME=Monsieur WU
OS=Windows_NT
PROCESSOR_IDENTIFIER=Intel64 Family 6 Model 142 Stepping 10, GenuineIntel
TMP=C:\Users\ADMINI~1\AppData\Local\Temp
TEMP=C:\Users\ADMINI~1\AppData\Local\Temp



Periodic native trim disabled

JNI global refs:
JNI global refs: 26, weak refs: 28

JNI global refs memory usage: 843, weak refs: 841

Process memory usage:
Resident Set Size: 221644K (2% of 8105848K total physical memory with 335288K free physical memory)

OOME stack traces (most recent first):
Classloader memory used:
Loader org.gradle.internal.classloader.VisitableURLClassLoader                         : 3284K
Loader bootstrap                                                                       : 2397K
Loader org.gradle.initialization.MixInLegacyTypesClassLoader                           : 446K
Loader org.gradle.internal.classloader.VisitableURLClassLoader                         : 86789B
Loader jdk.internal.loader.ClassLoaders$PlatformClassLoader                            : 68366B
Loader jdk.internal.loader.ClassLoaders$AppClassLoader                                 : 28451B
Loader jdk.internal.reflect.DelegatingClassLoader                                      : 23649B
Loader groovy.lang.GroovyClassLoader$InnerLoader                                       : 1543B
Loader org.gradle.groovy.scripts.internal.DefaultScriptCompilationHandler$ScriptClassLoader: 1516B
Loader org.codehaus.groovy.runtime.callsite.CallSiteClassLoader                        : 446B

Classes loaded by more than one classloader:
Class org.gradle.api.GradleException                                                  : loaded 3 times (x 80B)
Class org.gradle.util.GradleVersion                                                   : loaded 2 times (x 81B)
Class org.gradle.internal.classpath.ClassPath                                         : loaded 2 times (x 68B)
Class org.gradle.api.internal.classpath.DefaultModuleRegistry                         : loaded 2 times (x 84B)
Class org.gradle.internal.exceptions.NonGradleCauseExceptionsHolder                   : loaded 2 times (x 68B)
Class org.gradle.api.Action                                                           : loaded 2 times (x 68B)
Class org.gradle.api.internal.DefaultClassPathProvider                                : loaded 2 times (x 74B)
Class org.gradle.internal.installation.GradleInstallation$1                           : loaded 2 times (x 73B)
Class org.gradle.internal.exceptions.DefaultMultiCauseException                       : loaded 2 times (x 93B)
Class org.gradle.internal.time.MonotonicClock                                         : loaded 2 times (x 75B)
Class org.gradle.internal.classloader.FilteringClassLoader                            : loaded 2 times (x 103B)
Class org.gradle.internal.classpath.DefaultClassPath$ImmutableUniqueList$Builder      : loaded 2 times (x 73B)
Class kotlin.UninitializedPropertyAccessException                                     : loaded 2 times (x 80B)
Class org.gradle.internal.classloader.ClassLoaderVisitor                              : loaded 2 times (x 74B)
Class org.gradle.internal.time.DefaultCountdownTimer                                  : loaded 2 times (x 86B)
Class org.gradle.internal.service.DefaultServiceLocator                               : loaded 2 times (x 81B)
Class org.gradle.internal.service.UnknownServiceException                             : loaded 2 times (x 81B)
Class org.gradle.internal.classloader.DefaultClassLoaderFactory                       : loaded 2 times (x 80B)
Class org.gradle.internal.classloader.VisitableURLClassLoader$Spec                    : loaded 2 times (x 72B)
Class org.gradle.tooling.model.ProjectModel                                           : loaded 2 times (x 68B)
Class org.gradle.internal.installation.GradleInstallation                             : loaded 2 times (x 73B)
Class org.gradle.api.internal.classpath.ModuleRegistry                                : loaded 2 times (x 68B)
Class org.gradle.api.internal.ClassPathProvider                                       : loaded 2 times (x 68B)
Class org.gradle.internal.classloader.ClasspathUtil$1                                 : loaded 2 times (x 74B)
Class org.gradle.internal.classloader.ClassLoaderFactory                              : loaded 2 times (x 68B)
Class org.gradle.api.internal.classpath.ManifestUtil                                  : loaded 2 times (x 69B)
Class org.gradle.api.specs.Spec                                                       : loaded 2 times (x 68B)
Class kotlin.jvm.internal.Intrinsics                                                  : loaded 2 times (x 69B)
Class org.gradle.internal.IoActions                                                   : loaded 2 times (x 69B)
Class org.gradle.api.internal.classpath.EffectiveClassPath                            : loaded 2 times (x 88B)
Class org.gradle.internal.exceptions.ResolutionProvider                               : loaded 2 times (x 68B)
Class org.gradle.internal.installation.CurrentGradleInstallation                      : loaded 2 times (x 71B)
Class org.gradle.internal.agents.InstrumentingClassLoader                             : loaded 2 times (x 68B)
Class org.gradle.internal.installation.CurrentGradleInstallationLocator               : loaded 2 times (x 69B)
Class org.gradle.api.internal.classpath.Module                                        : loaded 2 times (x 68B)
Class org.gradle.internal.service.CachingServiceLocator                               : loaded 2 times (x 80B)
Class org.gradle.internal.time.Timer                                                  : loaded 2 times (x 68B)
Class org.gradle.internal.classpath.DefaultClassPath                                  : loaded 2 times (x 88B)
Class org.gradle.internal.time.Time                                                   : loaded 2 times (x 69B)
Class org.gradle.internal.time.TimeSource$1                                           : loaded 2 times (x 75B)
Class kotlin.KotlinNullPointerException                                               : loaded 2 times (x 81B)
Class org.gradle.internal.classloader.SystemClassLoaderSpec                           : loaded 2 times (x 69B)
Class kotlin.Function                                                                 : loaded 2 times (x 68B)
Class org.gradle.api.UncheckedIOException                                             : loaded 2 times (x 80B)
Class org.gradle.internal.time.CountdownTimer                                         : loaded 2 times (x 68B)
Class org.gradle.internal.time.Clock                                                  : loaded 2 times (x 68B)
Class org.gradle.internal.classloader.ClasspathUtil                                   : loaded 2 times (x 69B)
Class org.gradle.api.internal.DefaultClassPathRegistry                                : loaded 2 times (x 74B)
Class org.gradle.api.internal.classpath.DefaultModuleRegistry$DefaultModule           : loaded 2 times (x 84B)
Class org.gradle.internal.time.TimeSource                                             : loaded 2 times (x 68B)
Class org.gradle.api.internal.classpath.UnknownModuleException                        : loaded 2 times (x 80B)
Class org.gradle.internal.service.ServiceLookupException                              : loaded 2 times (x 80B)
Class org.gradle.cache.GlobalCache                                                    : loaded 2 times (x 68B)
Class [Lorg.gradle.api.internal.ClassPathProvider;                                    : loaded 2 times (x 67B)
Class org.gradle.internal.operations.MultipleBuildOperationFailures                   : loaded 2 times (x 93B)
Class org.gradle.util.internal.GUtil                                                  : loaded 2 times (x 69B)
Class org.gradle.internal.classloader.ClassLoaderSpec                                 : loaded 2 times (x 69B)
Class org.gradle.internal.classloader.VisitableURLClassLoader                         : loaded 2 times (x 115B)
Class org.gradle.internal.Cast                                                        : loaded 2 times (x 69B)
Class org.gradle.api.internal.ClassPathRegistry                                       : loaded 2 times (x 68B)
Class org.gradle.internal.classloader.VisitableURLClassLoader$InstrumentingVisitableURLClassLoader: loaded 2 times (x 121B)
Class org.gradle.internal.classloader.ClassLoaderHierarchy                            : loaded 2 times (x 68B)
Class org.gradle.internal.exceptions.MultiCauseException                              : loaded 2 times (x 68B)
Class org.gradle.internal.InternalTransformer                                         : loaded 2 times (x 68B)
Class org.gradle.internal.service.ServiceLocator                                      : loaded 2 times (x 68B)
Class org.gradle.internal.classpath.DefaultClassPath$ImmutableUniqueList              : loaded 2 times (x 159B)
Class org.gradle.internal.time.DefaultTimer                                           : loaded 2 times (x 78B)
Class org.gradle.internal.classpath.TransformedClassPath                              : loaded 2 times (x 94B)


---------------  S Y S T E M  ---------------

OS:
 Windows 10 , 64 bit Build 19041 (10.0.19041.5198)
OS uptime: 34 days 16:07 hours

CPU: total 8 (initial active 8) (4 cores per cpu, 2 threads per core) family 6 model 142 stepping 10 microcode 0xb4, cx8, cmov, fxsr, ht, mmx, 3dnowpref, sse, sse2, sse3, ssse3, sse4.1, sse4.2, popcnt, lzcnt, tsc, tscinvbit, avx, avx2, aes, erms, clmul, bmi1, bmi2, adx, fma, vzeroupper, clflush, clflushopt
Processor Information for all 8 processors :
  Max Mhz: 1801, Current Mhz: 1801, Mhz Limit: 1801

Memory: 4k page, system-wide physical 7915M (327M free)
TotalPageFile size 32491M (AvailPageFile size 7M)
current process WorkingSet (physical memory assigned to process): 216M, peak: 216M
current process commit charge ("private bytes"): 287M, peak: 290M

vm_info: OpenJDK 64-Bit Server VM (17.0.11+0--11852314) for windows-amd64 JRE (17.0.11+0--11852314), built on May 16 2024 21:29:20 by "androidbuild" with MS VC++ 16.10 / 16.11 (VS2019)

END.
